<?xml version="1.0" encoding="UTF-8"?>
<!-- Generated by org.testng.reporters.JUnitReportReporter -->
<testsuite hostname="DESKTOP-AUNOB26" failures="0" tests="4" name="TestCase.LoginPageTest" time="74.273" errors="0" timestamp="2022-07-17T18:03:41 IST" skipped="0">
  <testcase classname="TestCase.LoginPageTest" name="verifytitletest" time="16.289"/>
  <system-out/>
  <testcase classname="TestCase.LoginPageTest" name="loginToApptest" time="29.955"/>
  <system-out/>
  <testcase classname="TestCase.LoginPageTest" name="verifykitelogotest" time="17.964"/>
  <system-out/>
  <testcase classname="TestCase.LoginPageTest" name="verifyzeerodhalogotest" time="10.065"/>
  <system-out/>
</testsuite> <!-- TestCase.LoginPageTest -->
