<?xml version="1.0" encoding="UTF-8"?>
<!-- Generated by org.testng.reporters.JUnitReportReporter -->
<testsuite hostname="DESKTOP-AUNOB26" failures="0" tests="4" name="TestCase.prioritytest" time="91.612" errors="0" timestamp="2022-07-17T18:24:38 IST" skipped="0">
  <testcase classname="TestCase.prioritytest" name="loginToApptest" time="23.278"/>
  <system-out/>
  <testcase classname="TestCase.prioritytest" name="verifykitelogotest" time="7.876"/>
  <system-out>
    <![CDATA[verifykitelogotest]]>
  </system-out>
  <testcase classname="TestCase.prioritytest" name="verifytitletest" time="41.832"/>
  <system-out/>
  <testcase classname="TestCase.prioritytest" name="verifyzeerodhalogotest" time="18.626"/>
  <system-out/>
</testsuite> <!-- TestCase.prioritytest -->
