<?xml version="1.0" encoding="UTF-8"?>
<!-- Generated by org.testng.reporters.JUnitReportReporter -->
<testsuite hostname="DESKTOP-AUNOB26" failures="0" tests="3" name="TestCase.DashBoardPageTest" time="78.105" errors="0" timestamp="2022-07-17T18:03:41 IST" skipped="0">
  <testcase classname="TestCase.DashBoardPageTest" name="verifyUsernameTest" time="26.264"/>
  <system-out/>
  <testcase classname="TestCase.DashBoardPageTest" name="placeGttOrderTest" time="39.897"/>
  <system-out/>
  <testcase classname="TestCase.DashBoardPageTest" name="verifyEmailIdTest" time="11.944"/>
  <system-out/>
</testsuite> <!-- TestCase.DashBoardPageTest -->
