<?xml version="1.0" encoding="UTF-8"?>
<!-- Generated by org.testng.reporters.JUnitReportReporter -->
<testsuite hostname="DESKTOP-AUNOB26" failures="0" tests="4" name="TestCase.groutest" time="133.736" errors="0" timestamp="2022-07-17T18:56:34 IST" skipped="0">
  <testcase classname="TestCase.groutest" name="verifyzeerodhalogotest" time="14.440"/>
  <system-out/>
  <testcase classname="TestCase.groutest" name="verifykitelogotest" time="16.727"/>
  <system-out>
    <![CDATA[verifykitelogotest]]>
  </system-out>
  <testcase classname="TestCase.groutest" name="verifytitletest" time="42.510"/>
  <system-out/>
  <testcase classname="TestCase.groutest" name="loginToApptest" time="60.059"/>
  <system-out/>
</testsuite> <!-- TestCase.groutest -->
